0 info it worked if it ends with ok
1 verbose cli [ '/Users/joleneborrelli/.nvm/versions/node/v7.7.4/bin/node',
1 verbose cli   '/Users/joleneborrelli/.nvm/versions/node/v7.7.4/bin/npm',
1 verbose cli   'run',
1 verbose cli   'server' ]
2 info using npm@4.1.2
3 info using node@v7.7.4
4 verbose run-script [ 'preserver', 'server', 'postserver' ]
5 info lifecycle shaka@1.0.0~preserver: shaka@1.0.0
6 silly lifecycle shaka@1.0.0~preserver: no script for preserver, continuing
7 info lifecycle shaka@1.0.0~server: shaka@1.0.0
8 verbose lifecycle shaka@1.0.0~server: unsafe-perm in lifecycle true
9 verbose lifecycle shaka@1.0.0~server: PATH: /Users/joleneborrelli/.nvm/versions/node/v7.7.4/lib/node_modules/npm/bin/node-gyp-bin:/Users/joleneborrelli/workspace/shaka/node_modules/.bin:/Users/joleneborrelli/.nvm/versions/node/v7.7.4/bin:/Users/joleneborrelli/.rvm/gems/ruby-2.0.0-p598/bin:/Users/joleneborrelli/.rvm/gems/ruby-2.0.0-p598@global/bin:/Users/joleneborrelli/.rvm/rubies/ruby-2.0.0-p598/bin:/Users/joleneborrelli/.yarn/bin:/usr/local/sbin:/usr/local/bin:/usr/bin:/bin:/usr/sbin:/sbin:/Library/TeX/texbin:/Users/joleneborrelli/.rvm/bin:/Users/joleneborrelli/.rvm/bin:/Users/joleneborrelli/.rvm/bin:/Users/joleneborrelli/.rvm/bin
10 verbose lifecycle shaka@1.0.0~server: CWD: /Users/joleneborrelli/workspace/shaka
11 silly lifecycle shaka@1.0.0~server: Args: [ '-c',
11 silly lifecycle   'webpack-dev-server --config config/webpack.server.config.js' ]
12 silly lifecycle shaka@1.0.0~server: Returned: code: 1  signal: null
13 info lifecycle shaka@1.0.0~server: Failed to exec server script
14 verbose stack Error: shaka@1.0.0 server: `webpack-dev-server --config config/webpack.server.config.js`
14 verbose stack Exit status 1
14 verbose stack     at EventEmitter.<anonymous> (/Users/joleneborrelli/.nvm/versions/node/v7.7.4/lib/node_modules/npm/lib/utils/lifecycle.js:279:16)
14 verbose stack     at emitTwo (events.js:106:13)
14 verbose stack     at EventEmitter.emit (events.js:194:7)
14 verbose stack     at ChildProcess.<anonymous> (/Users/joleneborrelli/.nvm/versions/node/v7.7.4/lib/node_modules/npm/lib/utils/spawn.js:40:14)
14 verbose stack     at emitTwo (events.js:106:13)
14 verbose stack     at ChildProcess.emit (events.js:194:7)
14 verbose stack     at maybeClose (internal/child_process.js:899:16)
14 verbose stack     at Process.ChildProcess._handle.onexit (internal/child_process.js:226:5)
15 verbose pkgid shaka@1.0.0
16 verbose cwd /Users/joleneborrelli/workspace/shaka
17 error Darwin 14.5.0
18 error argv "/Users/joleneborrelli/.nvm/versions/node/v7.7.4/bin/node" "/Users/joleneborrelli/.nvm/versions/node/v7.7.4/bin/npm" "run" "server"
19 error node v7.7.4
20 error npm  v4.1.2
21 error code ELIFECYCLE
22 error shaka@1.0.0 server: `webpack-dev-server --config config/webpack.server.config.js`
22 error Exit status 1
23 error Failed at the shaka@1.0.0 server script 'webpack-dev-server --config config/webpack.server.config.js'.
23 error Make sure you have the latest version of node.js and npm installed.
23 error If you do, this is most likely a problem with the shaka package,
23 error not with npm itself.
23 error Tell the author that this fails on your system:
23 error     webpack-dev-server --config config/webpack.server.config.js
23 error You can get information on how to open an issue for this project with:
23 error     npm bugs shaka
23 error Or if that isn't available, you can get their info via:
23 error     npm owner ls shaka
23 error There is likely additional logging output above.
24 verbose exit [ 1, true ]
